c:\users\shefferit\desktop\solitaire\workpls\debug\vc140.pdb
c:\users\shefferit\desktop\solitaire\workpls\debug\vc140.idb
c:\users\shefferit\desktop\solitaire\workpls\debug\classrenderer.obj
c:\users\shefferit\desktop\solitaire\workpls\debug\gameview.obj
c:\users\shefferit\desktop\solitaire\workpls\debug\graphic.obj
c:\users\shefferit\desktop\solitaire\workpls\debug\resourceloader.obj
c:\users\shefferit\desktop\solitaire\workpls\debug\main.obj
c:\users\shefferit\desktop\solitaire\workpls\debug\maingame.obj
c:\users\shefferit\desktop\solitaire\workpls\debug\point.obj
c:\users\shefferit\desktop\solitaire\debug\solitaire.ilk
c:\users\shefferit\desktop\solitaire\debug\solitaire.exe
c:\users\shefferit\desktop\solitaire\debug\solitaire.pdb
c:\users\shefferit\desktop\solitaire\debug\solitaire.lib
c:\users\shefferit\desktop\solitaire\debug\solitaire.exp
c:\users\shefferit\desktop\solitaire\workpls\debug\solitaire.tlog\cl.command.1.tlog
c:\users\shefferit\desktop\solitaire\workpls\debug\solitaire.tlog\cl.read.1.tlog
c:\users\shefferit\desktop\solitaire\workpls\debug\solitaire.tlog\cl.write.1.tlog
c:\users\shefferit\desktop\solitaire\workpls\debug\solitaire.tlog\link.command.1.tlog
c:\users\shefferit\desktop\solitaire\workpls\debug\solitaire.tlog\link.read.1.tlog
c:\users\shefferit\desktop\solitaire\workpls\debug\solitaire.tlog\link.write.1.tlog
c:\users\shefferit\desktop\solitaire\workpls\debug\solitaire.tlog\solitaire.write.1u.tlog
